<?xml version="1.0" encoding="UTF-8"?>
<!-- Generated by org.testng.reporters.JUnitReportReporter -->
<testsuite hostname="bijitp10-pc" failures="0" tests="3" name="com.qa.testcases.LoginPageTest" time="40.222" errors="0" timestamp="2022-02-14T16:53:16 IST" skipped="0">
  <testcase classname="com.qa.testcases.LoginPageTest" name="login_Page_Title_Test" time="13.838"/>
  <system-out>
    <![CDATA[Validating the login page titie]]>
  </system-out>
  <testcase classname="com.qa.testcases.LoginPageTest" name="orangeHRM_Logo_Image_Test" time="12.759"/>
  <system-out>
    <![CDATA[Validating OrangeHRM logo image]]>
  </system-out>
  <testcase classname="com.qa.testcases.LoginPageTest" name="login_Test" time="13.625"/>
  <system-out>
    <![CDATA[Login to OrangeHRM app
Login using username as: Admin and password as: admin123
Validating login is successfull by checking dashboard page title
<b><font color='Purple'> Verifying Login successful. Screenshot attached below:</font><b>
./Verify Login20220214045312.png]]>
  </system-out>
</testsuite> <!-- com.qa.testcases.LoginPageTest -->
